  Actor.cpp
C:\Users\Shrujal Ambati\OneDrive - UCLA IT Services\UCLA_WinterQuarter_2021-TABLET-LI7RRM55\CS32\GhostRacer-skeleton-windows\GhostRacer\GhostRacer\Actor.h(27,27): warning C4244: 'return': conversion from 'double' to 'int', possible loss of data
C:\Users\Shrujal Ambati\OneDrive - UCLA IT Services\UCLA_WinterQuarter_2021-TABLET-LI7RRM55\CS32\GhostRacer-skeleton-windows\GhostRacer\GhostRacer\Actor.h(28,27): warning C4244: 'return': conversion from 'double' to 'int', possible loss of data
C:\Users\Shrujal Ambati\OneDrive - UCLA IT Services\UCLA_WinterQuarter_2021-TABLET-LI7RRM55\CS32\GhostRacer-skeleton-windows\GhostRacer\GhostRacer\Actor.cpp(14,12): warning C4244: 'initializing': conversion from 'double' to 'int', possible loss of data
C:\Users\Shrujal Ambati\OneDrive - UCLA IT Services\UCLA_WinterQuarter_2021-TABLET-LI7RRM55\CS32\GhostRacer-skeleton-windows\GhostRacer\GhostRacer\Actor.cpp(15,12): warning C4244: 'initializing': conversion from 'double' to 'int', possible loss of data
C:\Users\Shrujal Ambati\OneDrive - UCLA IT Services\UCLA_WinterQuarter_2021-TABLET-LI7RRM55\CS32\GhostRacer-skeleton-windows\GhostRacer\GhostRacer\Actor.cpp(91,17): warning C4244: 'initializing': conversion from 'double' to 'int', possible loss of data
C:\Users\Shrujal Ambati\OneDrive - UCLA IT Services\UCLA_WinterQuarter_2021-TABLET-LI7RRM55\CS32\GhostRacer-skeleton-windows\GhostRacer\GhostRacer\Actor.cpp(92,17): warning C4244: 'initializing': conversion from 'double' to 'int', possible loss of data
C:\Users\Shrujal Ambati\OneDrive - UCLA IT Services\UCLA_WinterQuarter_2021-TABLET-LI7RRM55\CS32\GhostRacer-skeleton-windows\GhostRacer\GhostRacer\Actor.cpp(94,87): warning C4244: 'argument': conversion from 'double' to 'int', possible loss of data
C:\Users\Shrujal Ambati\OneDrive - UCLA IT Services\UCLA_WinterQuarter_2021-TABLET-LI7RRM55\CS32\GhostRacer-skeleton-windows\GhostRacer\GhostRacer\Actor.cpp(94,69): warning C4244: 'argument': conversion from 'double' to 'int', possible loss of data
C:\Users\Shrujal Ambati\OneDrive - UCLA IT Services\UCLA_WinterQuarter_2021-TABLET-LI7RRM55\CS32\GhostRacer-skeleton-windows\GhostRacer\GhostRacer\Actor.cpp(348,26): warning C4244: 'argument': conversion from 'double' to 'int', possible loss of data
C:\Users\Shrujal Ambati\OneDrive - UCLA IT Services\UCLA_WinterQuarter_2021-TABLET-LI7RRM55\CS32\GhostRacer-skeleton-windows\GhostRacer\GhostRacer\Actor.cpp(356,26): warning C4244: 'argument': conversion from 'double' to 'int', possible loss of data
C:\Users\Shrujal Ambati\OneDrive - UCLA IT Services\UCLA_WinterQuarter_2021-TABLET-LI7RRM55\CS32\GhostRacer-skeleton-windows\GhostRacer\GhostRacer\Actor.cpp(420,12): warning C4244: 'initializing': conversion from 'double' to 'int', possible loss of data
C:\Users\Shrujal Ambati\OneDrive - UCLA IT Services\UCLA_WinterQuarter_2021-TABLET-LI7RRM55\CS32\GhostRacer-skeleton-windows\GhostRacer\GhostRacer\Actor.cpp(421,12): warning C4244: 'initializing': conversion from 'double' to 'int', possible loss of data
C:\Users\Shrujal Ambati\OneDrive - UCLA IT Services\UCLA_WinterQuarter_2021-TABLET-LI7RRM55\CS32\GhostRacer-skeleton-windows\GhostRacer\GhostRacer\Actor.cpp(438,12): warning C4244: 'initializing': conversion from 'double' to 'int', possible loss of data
C:\Users\Shrujal Ambati\OneDrive - UCLA IT Services\UCLA_WinterQuarter_2021-TABLET-LI7RRM55\CS32\GhostRacer-skeleton-windows\GhostRacer\GhostRacer\Actor.cpp(439,12): warning C4244: 'initializing': conversion from 'double' to 'int', possible loss of data
C:\Users\Shrujal Ambati\OneDrive - UCLA IT Services\UCLA_WinterQuarter_2021-TABLET-LI7RRM55\CS32\GhostRacer-skeleton-windows\GhostRacer\GhostRacer\Actor.cpp(456,12): warning C4244: 'initializing': conversion from 'double' to 'int', possible loss of data
C:\Users\Shrujal Ambati\OneDrive - UCLA IT Services\UCLA_WinterQuarter_2021-TABLET-LI7RRM55\CS32\GhostRacer-skeleton-windows\GhostRacer\GhostRacer\Actor.cpp(457,12): warning C4244: 'initializing': conversion from 'double' to 'int', possible loss of data
C:\Users\Shrujal Ambati\OneDrive - UCLA IT Services\UCLA_WinterQuarter_2021-TABLET-LI7RRM55\CS32\GhostRacer-skeleton-windows\GhostRacer\GhostRacer\Actor.cpp(499,68): warning C4244: 'argument': conversion from 'double' to 'int', possible loss of data
C:\Users\Shrujal Ambati\OneDrive - UCLA IT Services\UCLA_WinterQuarter_2021-TABLET-LI7RRM55\CS32\GhostRacer-skeleton-windows\GhostRacer\GhostRacer\Actor.cpp(499,60): warning C4244: 'argument': conversion from 'double' to 'int', possible loss of data
C:\Users\Shrujal Ambati\OneDrive - UCLA IT Services\UCLA_WinterQuarter_2021-TABLET-LI7RRM55\CS32\GhostRacer-skeleton-windows\GhostRacer\GhostRacer\Actor.cpp(529,63): warning C4244: 'argument': conversion from 'double' to 'int', possible loss of data
C:\Users\Shrujal Ambati\OneDrive - UCLA IT Services\UCLA_WinterQuarter_2021-TABLET-LI7RRM55\CS32\GhostRacer-skeleton-windows\GhostRacer\GhostRacer\Actor.cpp(529,55): warning C4244: 'argument': conversion from 'double' to 'int', possible loss of data
  StudentWorld.cpp
C:\Users\Shrujal Ambati\OneDrive - UCLA IT Services\UCLA_WinterQuarter_2021-TABLET-LI7RRM55\CS32\GhostRacer-skeleton-windows\GhostRacer\GhostRacer\Actor.h(27,27): warning C4244: 'return': conversion from 'double' to 'int', possible loss of data
C:\Users\Shrujal Ambati\OneDrive - UCLA IT Services\UCLA_WinterQuarter_2021-TABLET-LI7RRM55\CS32\GhostRacer-skeleton-windows\GhostRacer\GhostRacer\Actor.h(28,27): warning C4244: 'return': conversion from 'double' to 'int', possible loss of data
C:\Users\Shrujal Ambati\OneDrive - UCLA IT Services\UCLA_WinterQuarter_2021-TABLET-LI7RRM55\CS32\GhostRacer-skeleton-windows\GhostRacer\GhostRacer\StudentWorld.cpp(210,49): warning C4244: '=': conversion from 'double' to 'int', possible loss of data
C:\Users\Shrujal Ambati\OneDrive - UCLA IT Services\UCLA_WinterQuarter_2021-TABLET-LI7RRM55\CS32\GhostRacer-skeleton-windows\GhostRacer\GhostRacer\StudentWorld.cpp(214,50): warning C4244: '=': conversion from 'double' to 'int', possible loss of data
C:\Users\Shrujal Ambati\OneDrive - UCLA IT Services\UCLA_WinterQuarter_2021-TABLET-LI7RRM55\CS32\GhostRacer-skeleton-windows\GhostRacer\GhostRacer\StudentWorld.cpp(224,49): warning C4244: '=': conversion from 'double' to 'int', possible loss of data
C:\Users\Shrujal Ambati\OneDrive - UCLA IT Services\UCLA_WinterQuarter_2021-TABLET-LI7RRM55\CS32\GhostRacer-skeleton-windows\GhostRacer\GhostRacer\StudentWorld.cpp(228,50): warning C4244: '=': conversion from 'double' to 'int', possible loss of data
C:\Users\Shrujal Ambati\OneDrive - UCLA IT Services\UCLA_WinterQuarter_2021-TABLET-LI7RRM55\CS32\GhostRacer-skeleton-windows\GhostRacer\GhostRacer\StudentWorld.cpp(238,49): warning C4244: '=': conversion from 'double' to 'int', possible loss of data
C:\Users\Shrujal Ambati\OneDrive - UCLA IT Services\UCLA_WinterQuarter_2021-TABLET-LI7RRM55\CS32\GhostRacer-skeleton-windows\GhostRacer\GhostRacer\StudentWorld.cpp(242,50): warning C4244: '=': conversion from 'double' to 'int', possible loss of data
C:\Users\Shrujal Ambati\OneDrive - UCLA IT Services\UCLA_WinterQuarter_2021-TABLET-LI7RRM55\CS32\GhostRacer-skeleton-windows\GhostRacer\GhostRacer\StudentWorld.cpp(282,30): warning C4553: '==': result of expression not used; did you intend '='?
C:\Users\Shrujal Ambati\OneDrive - UCLA IT Services\UCLA_WinterQuarter_2021-TABLET-LI7RRM55\CS32\GhostRacer-skeleton-windows\GhostRacer\GhostRacer\StudentWorld.cpp(433,47): warning C4244: '=': conversion from 'double' to 'int', possible loss of data
C:\Users\Shrujal Ambati\OneDrive - UCLA IT Services\UCLA_WinterQuarter_2021-TABLET-LI7RRM55\CS32\GhostRacer-skeleton-windows\GhostRacer\GhostRacer\StudentWorld.cpp(437,47): warning C4244: '=': conversion from 'double' to 'int', possible loss of data
C:\Users\Shrujal Ambati\OneDrive - UCLA IT Services\UCLA_WinterQuarter_2021-TABLET-LI7RRM55\CS32\GhostRacer-skeleton-windows\GhostRacer\GhostRacer\StudentWorld.cpp(446,47): warning C4244: '=': conversion from 'double' to 'int', possible loss of data
C:\Users\Shrujal Ambati\OneDrive - UCLA IT Services\UCLA_WinterQuarter_2021-TABLET-LI7RRM55\CS32\GhostRacer-skeleton-windows\GhostRacer\GhostRacer\StudentWorld.cpp(450,47): warning C4244: '=': conversion from 'double' to 'int', possible loss of data
C:\Users\Shrujal Ambati\OneDrive - UCLA IT Services\UCLA_WinterQuarter_2021-TABLET-LI7RRM55\CS32\GhostRacer-skeleton-windows\GhostRacer\GhostRacer\StudentWorld.cpp(459,47): warning C4244: '=': conversion from 'double' to 'int', possible loss of data
C:\Users\Shrujal Ambati\OneDrive - UCLA IT Services\UCLA_WinterQuarter_2021-TABLET-LI7RRM55\CS32\GhostRacer-skeleton-windows\GhostRacer\GhostRacer\StudentWorld.cpp(463,47): warning C4244: '=': conversion from 'double' to 'int', possible loss of data
  Generating Code...
  GhostRacer.vcxproj -> C:\Users\Shrujal Ambati\OneDrive - UCLA IT Services\UCLA_WinterQuarter_2021-TABLET-LI7RRM55\CS32\GhostRacer-skeleton-windows\GhostRacer\Debug\GhostRacer.exe
